Warning: cannot import name 'logsumexp' from 'scipy.misc' (/home/sabrinab/miniconda3/envs/PyPlanet/lib/python3.9/site-packages/scipy/misc/__init__.py). For full functionality of BurnMan, please install cvxpy.
Warning: No module named 'cdd'. For full functionality of BurnMan, please install pycddlib.
Warning: cannot import name 'logsumexp' from 'scipy.misc' (/home/sabrinab/miniconda3/envs/PyPlanet/lib/python3.9/site-packages/scipy/misc/__init__.py). For full functionality of BurnMan, please install cvxpy.
Type of EoS used in this grid: _adiabatic_
----------------------------------------------------------------------------------------------
Location in mesh grid: 0 0 
 P_c = 1.000000e+08 
 P_cmb/P_c = 0
Planet: 0 out of 400
Initializing layer0 layer to generate equation of state...
layer0 initialized with material: [<burnman.minerals.Murakami_2013.fe_perovskite object at 0x2b4623dcaa00>], composition: [1], and temperature profile: _adiabatic_.
Initializing layer1 layer to generate equation of state...
layer1 initialized with material: [<burnman.minerals.SLB_2011.mg_fe_perovskite object at 0x2b4623dccfa0>], composition: [0.9, 0.1, 0.0], and temperature profile: _adiabatic_.
p_c = 1.000000e+08, p_cmb = 0.000000e+00, p_surface = 0.000000e+00
layers [<eos_new.Layer object at 0x2b46370b90a0>, <eos_new.Layer object at 0x2b46370b9040>]
Planet initialized.
layer 1
first layer 1 Initial Radius: 0 Initial Mass: 19927.6 Central Pressure: 1e+08 U: 5.64016e+10
integrate layer 1
This layer went through 3 bisection method steps.
rad 177876.0
mass 1.1212097856006876e+20
press 1870.897626088823
u 3.171896018948148e+26
layer 2
Planet complete.
radius_grid.shape: (20, 20)
planet.rad[-1]: 177876.0
----------------------------------------------------------------------------------------------
Location in mesh grid: 0 1 
 P_c = 1.623777e+08 
 P_cmb/P_c = 0
Planet: 1 out of 400
Initializing layer0 layer to generate equation of state...
layer0 initialized with material: [<burnman.minerals.Murakami_2013.fe_perovskite object at 0x2b4623dcaa00>], composition: [1], and temperature profile: _adiabatic_.
Initializing layer1 layer to generate equation of state...
layer1 initialized with material: [<burnman.minerals.SLB_2011.mg_fe_perovskite object at 0x2b4623dccfa0>], composition: [0.9, 0.1, 0.0], and temperature profile: _adiabatic_.
p_c = 1.623777e+08, p_cmb = 0.000000e+00, p_surface = 0.000000e+00
layers [<eos_new.Layer object at 0x2b4637173be0>, <eos_new.Layer object at 0x2b4637173a60>]
Planet initialized.
layer 1
first layer 1 Initial Radius: 0 Initial Mass: 19933.3 Central Pressure: 1.62378e+08 U: 5.64453e+10
integrate layer 1
This layer went through 3 bisection method steps.
rad 226626.0
mass 2.3190711054842344e+20
press -160.61819389049924
u 6.56191808755625e+26
layer 2
Planet complete.
radius_grid.shape: (20, 20)
planet.rad[-1]: 226626.0
----------------------------------------------------------------------------------------------
Location in mesh grid: 0 2 
 P_c = 2.636651e+08 
 P_cmb/P_c = 0
Planet: 2 out of 400
Initializing layer0 layer to generate equation of state...
layer0 initialized with material: [<burnman.minerals.Murakami_2013.fe_perovskite object at 0x2b4623dcaa00>], composition: [1], and temperature profile: _adiabatic_.
Initializing layer1 layer to generate equation of state...
layer1 initialized with material: [<burnman.minerals.SLB_2011.mg_fe_perovskite object at 0x2b4623dccfa0>], composition: [0.9, 0.1, 0.0], and temperature profile: _adiabatic_.
p_c = 2.636651e+08, p_cmb = 0.000000e+00, p_surface = 0.000000e+00
layers [<eos_new.Layer object at 0x2b4637173ee0>, <eos_new.Layer object at 0x2b4637173e80>]
Planet initialized.
layer 1
first layer 1 Initial Radius: 0 Initial Mass: 19942.7 Central Pressure: 2.63665e+08 U: 5.65162e+10
integrate layer 1
This layer went through 1 bisection method steps.
rad 288701.0
mass 4.7952462343602176e+20
press 3236.588248190208
u 1.3572660498918676e+27
layer 2
Planet complete.
radius_grid.shape: (20, 20)
planet.rad[-1]: 288701.0
----------------------------------------------------------------------------------------------
Location in mesh grid: 0 3 
 P_c = 4.281332e+08 
 P_cmb/P_c = 0
Planet: 3 out of 400
Initializing layer0 layer to generate equation of state...
layer0 initialized with material: [<burnman.minerals.Murakami_2013.fe_perovskite object at 0x2b4623dcaa00>], composition: [1], and temperature profile: _adiabatic_.
Initializing layer1 layer to generate equation of state...
layer1 initialized with material: [<burnman.minerals.SLB_2011.mg_fe_perovskite object at 0x2b4623dccfa0>], composition: [0.9, 0.1, 0.0], and temperature profile: _adiabatic_.
p_c = 4.281332e+08, p_cmb = 0.000000e+00, p_surface = 0.000000e+00
layers [<eos_new.Layer object at 0x2b46371b0070>, <eos_new.Layer object at 0x2b46371b0040>]
Planet initialized.
layer 1
first layer 1 Initial Radius: 0 Initial Mass: 19957.7 Central Pressure: 4.28133e+08 U: 5.66311e+10
integrate layer 1
This layer went through 5 bisection method steps.
rad 367719.75
mass 9.911707747374652e+20
press -146.23831936823262
u 2.806887864533797e+27
layer 2
Planet complete.
radius_grid.shape: (20, 20)
planet.rad[-1]: 367719.75
----------------------------------------------------------------------------------------------
Location in mesh grid: 0 4 
 P_c = 6.951928e+08 
 P_cmb/P_c = 0
Planet: 4 out of 400
Initializing layer0 layer to generate equation of state...
layer0 initialized with material: [<burnman.minerals.Murakami_2013.fe_perovskite object at 0x2b4623dcaa00>], composition: [1], and temperature profile: _adiabatic_.
Initializing layer1 layer to generate equation of state...
layer1 initialized with material: [<burnman.minerals.SLB_2011.mg_fe_perovskite object at 0x2b4623dccfa0>], composition: [0.9, 0.1, 0.0], and temperature profile: _adiabatic_.
p_c = 6.951928e+08, p_cmb = 0.000000e+00, p_surface = 0.000000e+00
layers [<eos_new.Layer object at 0x2b4637173cd0>, <eos_new.Layer object at 0x2b4637173c70>]
Planet initialized.
layer 1
first layer 1 Initial Radius: 0 Initial Mass: 19982.1 Central Pressure: 6.95193e+08 U: 5.68172e+10
integrate layer 1
This layer went through 5 bisection method steps.
rad 468232.25
mass 2.0473618179327797e+21
press -1471.6576193780202
u 5.802714590931089e+27
layer 2
Planet complete.
radius_grid.shape: (20, 20)
planet.rad[-1]: 468232.25
----------------------------------------------------------------------------------------------
Location in mesh grid: 0 5 
 P_c = 1.128838e+09 
 P_cmb/P_c = 0
Planet: 5 out of 400
Initializing layer0 layer to generate equation of state...
layer0 initialized with material: [<burnman.minerals.Murakami_2013.fe_perovskite object at 0x2b4623dcaa00>], composition: [1], and temperature profile: _adiabatic_.
Initializing layer1 layer to generate equation of state...
layer1 initialized with material: [<burnman.minerals.SLB_2011.mg_fe_perovskite object at 0x2b4623dccfa0>], composition: [0.9, 0.1, 0.0], and temperature profile: _adiabatic_.
p_c = 1.128838e+09, p_cmb = 0.000000e+00, p_surface = 0.000000e+00
layers [<eos_new.Layer object at 0x2b4637173e20>, <eos_new.Layer object at 0x2b4637173d00>]
Planet initialized.
layer 1
first layer 1 Initial Radius: 0 Initial Mass: 20021.5 Central Pressure: 1.12884e+09 U: 5.71181e+10
integrate layer 1
This layer went through 6 bisection method steps.
rad 595947.875
mass 4.224542540369427e+21
press 1532.8283192482177
u 1.1989404370287983e+28
layer 2
Planet complete.
radius_grid.shape: (20, 20)
planet.rad[-1]: 595947.875
----------------------------------------------------------------------------------------------
Location in mesh grid: 0 6 
 P_c = 1.832981e+09 
 P_cmb/P_c = 0
Planet: 6 out of 400
Initializing layer0 layer to generate equation of state...
layer0 initialized with material: [<burnman.minerals.Murakami_2013.fe_perovskite object at 0x2b4623dcaa00>], composition: [1], and temperature profile: _adiabatic_.
Initializing layer1 layer to generate equation of state...
layer1 initialized with material: [<burnman.minerals.SLB_2011.mg_fe_perovskite object at 0x2b4623dccfa0>], composition: [0.9, 0.1, 0.0], and temperature profile: _adiabatic_.
p_c = 1.832981e+09, p_cmb = 0.000000e+00, p_surface = 0.000000e+00
layers [<eos_new.Layer object at 0x2b46371b0250>, <eos_new.Layer object at 0x2b46371b0220>]
Planet initialized.
layer 1
first layer 1 Initial Radius: 0 Initial Mass: 20085 Central Pressure: 1.83298e+09 U: 5.76031e+10
integrate layer 1
This layer went through 2 bisection method steps.
rad 757951.0
mass 8.702277071122232e+21
press 7846.713409945136
u 2.4750623016804863e+28
layer 2
Planet complete.
radius_grid.shape: (20, 20)
planet.rad[-1]: 757951.0
----------------------------------------------------------------------------------------------
Location in mesh grid: 0 7 
 P_c = 2.976351e+09 
 P_cmb/P_c = 0
Planet: 7 out of 400
Initializing layer0 layer to generate equation of state...
layer0 initialized with material: [<burnman.minerals.Murakami_2013.fe_perovskite object at 0x2b4623dcaa00>], composition: [1], and temperature profile: _adiabatic_.
Initializing layer1 layer to generate equation of state...
layer1 initialized with material: [<burnman.minerals.SLB_2011.mg_fe_perovskite object at 0x2b4623dccfa0>], composition: [0.9, 0.1, 0.0], and temperature profile: _adiabatic_.
p_c = 2.976351e+09, p_cmb = 0.000000e+00, p_surface = 0.000000e+00
layers [<eos_new.Layer object at 0x2b46371b0430>, <eos_new.Layer object at 0x2b46371b0400>]
Planet initialized.
layer 1
first layer 1 Initial Radius: 0 Initial Mass: 20186.6 Central Pressure: 2.97635e+09 U: 5.83818e+10
integrate layer 1
This layer went through 6 bisection method steps.
rad 962891.625
mass 1.7878509136910876e+22
press -8487.144051327945
u 5.102477529062259e+28
layer 2
Planet complete.
radius_grid.shape: (20, 20)
planet.rad[-1]: 962891.625
----------------------------------------------------------------------------------------------
Location in mesh grid: 0 8 
 P_c = 4.832930e+09 
 P_cmb/P_c = 0
Planet: 8 out of 400
Initializing layer0 layer to generate equation of state...
layer0 initialized with material: [<burnman.minerals.Murakami_2013.fe_perovskite object at 0x2b4623dcaa00>], composition: [1], and temperature profile: _adiabatic_.
Initializing layer1 layer to generate equation of state...
layer1 initialized with material: [<burnman.minerals.SLB_2011.mg_fe_perovskite object at 0x2b4623dccfa0>], composition: [0.9, 0.1, 0.0], and temperature profile: _adiabatic_.
p_c = 4.832930e+09, p_cmb = 0.000000e+00, p_surface = 0.000000e+00
layers [<eos_new.Layer object at 0x2b46371b0610>, <eos_new.Layer object at 0x2b46371b0550>]
Planet initialized.
layer 1
first layer 1 Initial Radius: 0 Initial Mass: 20348.1 Central Pressure: 4.83293e+09 U: 5.96242e+10
integrate layer 1
This layer went through 6 bisection method steps.
rad 1221041.625
mass 3.657691089366769e+22
press -8691.49833440506
u 1.0496178641102025e+29
layer 2
Planet complete.
radius_grid.shape: (20, 20)
planet.rad[-1]: 1221041.625
----------------------------------------------------------------------------------------------
Location in mesh grid: 0 9 
 P_c = 7.847600e+09 
 P_cmb/P_c = 0
Planet: 9 out of 400
Initializing layer0 layer to generate equation of state...
layer0 initialized with material: [<burnman.minerals.Murakami_2013.fe_perovskite object at 0x2b4623dcaa00>], composition: [1], and temperature profile: _adiabatic_.
Initializing layer1 layer to generate equation of state...
layer1 initialized with material: [<burnman.minerals.SLB_2011.mg_fe_perovskite object at 0x2b4623dccfa0>], composition: [0.9, 0.1, 0.0], and temperature profile: _adiabatic_.
p_c = 7.847600e+09, p_cmb = 0.000000e+00, p_surface = 0.000000e+00
layers [<eos_new.Layer object at 0x2b46371b07f0>, <eos_new.Layer object at 0x2b46371b0730>]
Planet initialized.
layer 1
first layer 1 Initial Radius: 0 Initial Mass: 20601.9 Central Pressure: 7.8476e+09 U: 6.15874e+10
integrate layer 1
This layer went through 7 bisection method steps.
rad 1544127.5625
mass 7.435263094026687e+22
press 3309.3982037674396
u 2.1519835144797113e+29
layer 2
Planet complete.
radius_grid.shape: (20, 20)
planet.rad[-1]: 1544127.5625
----------------------------------------------------------------------------------------------
Location in mesh grid: 0 10 
 P_c = 1.274275e+10 
 P_cmb/P_c = 0
Planet: 10 out of 400
Initializing layer0 layer to generate equation of state...
layer0 initialized with material: [<burnman.minerals.Murakami_2013.fe_perovskite object at 0x2b4623dcaa00>], composition: [1], and temperature profile: _adiabatic_.
Initializing layer1 layer to generate equation of state...
layer1 initialized with material: [<burnman.minerals.SLB_2011.mg_fe_perovskite object at 0x2b4623dccfa0>], composition: [0.9, 0.1, 0.0], and temperature profile: _adiabatic_.
p_c = 1.274275e+10, p_cmb = 0.000000e+00, p_surface = 0.000000e+00
layers [<eos_new.Layer object at 0x2b46371b09d0>, <eos_new.Layer object at 0x2b46371b0910>]
Planet initialized.
layer 1
first layer 1 Initial Radius: 0 Initial Mass: 20993.9 Central Pressure: 1.27427e+10 U: 6.46493e+10
integrate layer 1
This layer went through 7 bisection method steps.
rad 1944671.3125
mass 1.4970760045178356e+23
press 9026.190380997457
u 4.390353946709395e+29
layer 2
Planet complete.
radius_grid.shape: (20, 20)
planet.rad[-1]: 1944671.3125
----------------------------------------------------------------------------------------------
Location in mesh grid: 0 11 
 P_c = 2.069138e+10 
 P_cmb/P_c = 0
Planet: 11 out of 400
Initializing layer0 layer to generate equation of state...
layer0 initialized with material: [<burnman.minerals.Murakami_2013.fe_perovskite object at 0x2b4623dcaa00>], composition: [1], and temperature profile: _adiabatic_.
Initializing layer1 layer to generate equation of state...
layer1 initialized with material: [<burnman.minerals.SLB_2011.mg_fe_perovskite object at 0x2b4623dccfa0>], composition: [0.9, 0.1, 0.0], and temperature profile: _adiabatic_.
p_c = 2.069138e+10, p_cmb = 0.000000e+00, p_surface = 0.000000e+00
layers [<eos_new.Layer object at 0x2b46371b0bb0>, <eos_new.Layer object at 0x2b46371b0af0>]
Planet initialized.
layer 1
first layer 1 Initial Radius: 0 Initial Mass: 21586.1 Central Pressure: 2.06914e+10 U: 6.93425e+10
integrate layer 1
This layer went through 7 bisection method steps.
rad 2434699.4375
mass 2.973602587641641e+23
press 5882.0911021442225
u 8.8937533980809e+29
layer 2
Planet complete.
radius_grid.shape: (20, 20)
planet.rad[-1]: 2434699.4375
----------------------------------------------------------------------------------------------
Location in mesh grid: 0 12 
 P_c = 3.359818e+10 
 P_cmb/P_c = 0
Planet: 12 out of 400
Initializing layer0 layer to generate equation of state...
layer0 initialized with material: [<burnman.minerals.Murakami_2013.fe_perovskite object at 0x2b4623dcaa00>], composition: [1], and temperature profile: _adiabatic_.
Initializing layer1 layer to generate equation of state...
layer1 initialized with material: [<burnman.minerals.SLB_2011.mg_fe_perovskite object at 0x2b4623dccfa0>], composition: [0.9, 0.1, 0.0], and temperature profile: _adiabatic_.
p_c = 3.359818e+10, p_cmb = 0.000000e+00, p_surface = 0.000000e+00
layers [<eos_new.Layer object at 0x2b46371b0d90>, <eos_new.Layer object at 0x2b46371b0cd0>]
Planet initialized.
layer 1
first layer 1 Initial Radius: 0 Initial Mass: 22456.2 Central Pressure: 3.35982e+10 U: 7.63888e+10
integrate layer 1
This layer went through 6 bisection method steps.
rad 3023854.125
mass 5.798860339821002e+23
press -2541.613834277785
u 1.7843870435403988e+30
layer 2
Planet complete.
radius_grid.shape: (20, 20)
planet.rad[-1]: 3023854.125
----------------------------------------------------------------------------------------------
Location in mesh grid: 0 13 
 P_c = 5.455595e+10 
 P_cmb/P_c = 0
Planet: 13 out of 400
Initializing layer0 layer to generate equation of state...
layer0 initialized with material: [<burnman.minerals.Murakami_2013.fe_perovskite object at 0x2b4623dcaa00>], composition: [1], and temperature profile: _adiabatic_.
Initializing layer1 layer to generate equation of state...
layer1 initialized with material: [<burnman.minerals.SLB_2011.mg_fe_perovskite object at 0x2b4623dccfa0>], composition: [0.9, 0.1, 0.0], and temperature profile: _adiabatic_.
p_c = 5.455595e+10, p_cmb = 0.000000e+00, p_surface = 0.000000e+00
layers [<eos_new.Layer object at 0x2b46371b0f70>, <eos_new.Layer object at 0x2b46371b0dc0>]
Planet initialized.
layer 1
first layer 1 Initial Radius: 0 Initial Mass: 23694.3 Central Pressure: 5.45559e+10 U: 8.67351e+10
integrate layer 1
This layer went through 8 bisection method steps.
rad 3717356.46875
mass 1.104872074903091e+24
press 1155.4619139149509
u 3.53624671925526e+30
layer 2
Planet complete.
radius_grid.shape: (20, 20)
planet.rad[-1]: 3717356.46875
----------------------------------------------------------------------------------------------
Location in mesh grid: 0 14 
 P_c = 8.858668e+10 
 P_cmb/P_c = 0
Planet: 14 out of 400
Initializing layer0 layer to generate equation of state...
layer0 initialized with material: [<burnman.minerals.Murakami_2013.fe_perovskite object at 0x2b4623dcaa00>], composition: [1], and temperature profile: _adiabatic_.
Initializing layer1 layer to generate equation of state...
layer1 initialized with material: [<burnman.minerals.SLB_2011.mg_fe_perovskite object at 0x2b4623dccfa0>], composition: [0.9, 0.1, 0.0], and temperature profile: _adiabatic_.
p_c = 8.858668e+10, p_cmb = 0.000000e+00, p_surface = 0.000000e+00
layers [<eos_new.Layer object at 0x2b4637221160>, <eos_new.Layer object at 0x2b4637221190>]
Planet initialized.
layer 1
first layer 1 Initial Radius: 0 Initial Mass: 25399.3 Central Pressure: 8.85867e+10 U: 1.01609e+11
integrate layer 1
This layer went through 8 bisection method steps.
rad 4514658.03125
mass 2.048384116682841e+24
press 872.3358353122421
u 6.905308502977606e+30
layer 2
Planet complete.
radius_grid.shape: (20, 20)
planet.rad[-1]: 4514658.03125
----------------------------------------------------------------------------------------------
Location in mesh grid: 0 15 
 P_c = 1.438450e+11 
 P_cmb/P_c = 0
Planet: 15 out of 400
Initializing layer0 layer to generate equation of state...
layer0 initialized with material: [<burnman.minerals.Murakami_2013.fe_perovskite object at 0x2b4623dcaa00>], composition: [1], and temperature profile: _adiabatic_.
Initializing layer1 layer to generate equation of state...
layer1 initialized with material: [<burnman.minerals.SLB_2011.mg_fe_perovskite object at 0x2b4623dccfa0>], composition: [0.9, 0.1, 0.0], and temperature profile: _adiabatic_.
p_c = 1.438450e+11, p_cmb = 0.000000e+00, p_surface = 0.000000e+00
layers [<eos_new.Layer object at 0x2b46372213a0>, <eos_new.Layer object at 0x2b4637221370>]
Planet initialized.
layer 1
first layer 1 Initial Radius: 0 Initial Mass: 27676.4 Central Pressure: 1.43845e+11 U: 1.22614e+11
integrate layer 1
This layer went through 7 bisection method steps.
rad 5409480.6875
mass 3.6857210380340887e+24
press -7481.752662834471
u 1.3262105885883148e+31
layer 2
Planet complete.
radius_grid.shape: (20, 20)
planet.rad[-1]: 5409480.6875
----------------------------------------------------------------------------------------------
Location in mesh grid: 0 16 
 P_c = 2.335721e+11 
 P_cmb/P_c = 0
Planet: 16 out of 400
Initializing layer0 layer to generate equation of state...
layer0 initialized with material: [<burnman.minerals.Murakami_2013.fe_perovskite object at 0x2b4623dcaa00>], composition: [1], and temperature profile: _adiabatic_.
Initializing layer1 layer to generate equation of state...
layer1 initialized with material: [<burnman.minerals.SLB_2011.mg_fe_perovskite object at 0x2b4623dccfa0>], composition: [0.9, 0.1, 0.0], and temperature profile: _adiabatic_.
p_c = 2.335721e+11, p_cmb = 0.000000e+00, p_surface = 0.000000e+00
layers [<eos_new.Layer object at 0x2b4637221520>, <eos_new.Layer object at 0x2b46372214c0>]
Planet initialized.
layer 1
first layer 1 Initial Radius: 0 Initial Mass: 30638.7 Central Pressure: 2.33572e+11 U: 1.51889e+11
integrate layer 1
This layer went through 9 bisection method steps.
rad 6391263.109375
mass 6.43185001467923e+24
press 5771.35871090199
u 2.502577774858765e+31
layer 2
Planet complete.
radius_grid.shape: (20, 20)
planet.rad[-1]: 6391263.109375
----------------------------------------------------------------------------------------------
Location in mesh grid: 0 17 
 P_c = 3.792690e+11 
 P_cmb/P_c = 0
Planet: 17 out of 400
Initializing layer0 layer to generate equation of state...
layer0 initialized with material: [<burnman.minerals.Murakami_2013.fe_perovskite object at 0x2b4623dcaa00>], composition: [1], and temperature profile: _adiabatic_.
Initializing layer1 layer to generate equation of state...
layer1 initialized with material: [<burnman.minerals.SLB_2011.mg_fe_perovskite object at 0x2b4623dccfa0>], composition: [0.9, 0.1, 0.0], and temperature profile: _adiabatic_.
p_c = 3.792690e+11, p_cmb = 0.000000e+00, p_surface = 0.000000e+00
layers [<eos_new.Layer object at 0x2b4637221700>, <eos_new.Layer object at 0x2b46372216a0>]
Planet initialized.
layer 1
first layer 1 Initial Radius: 0 Initial Mass: 34413.2 Central Pressure: 3.79269e+11 U: 1.92332e+11
integrate layer 1
This layer went through 8 bisection method steps.
rad 7447328.34375
mass 1.0896428198139929e+25
press -1729.488824220287
u 4.639016598279758e+31
layer 2
Planet complete.
radius_grid.shape: (20, 20)
planet.rad[-1]: 7447328.34375
----------------------------------------------------------------------------------------------
Location in mesh grid: 0 18 
 P_c = 6.158482e+11 
 P_cmb/P_c = 0
Planet: 18 out of 400
Initializing layer0 layer to generate equation of state...
layer0 initialized with material: [<burnman.minerals.Murakami_2013.fe_perovskite object at 0x2b4623dcaa00>], composition: [1], and temperature profile: _adiabatic_.
Initializing layer1 layer to generate equation of state...
layer1 initialized with material: [<burnman.minerals.SLB_2011.mg_fe_perovskite object at 0x2b4623dccfa0>], composition: [0.9, 0.1, 0.0], and temperature profile: _adiabatic_.
p_c = 6.158482e+11, p_cmb = 0.000000e+00, p_surface = 0.000000e+00
layers [<eos_new.Layer object at 0x2b4637221940>, <eos_new.Layer object at 0x2b4637221880>]
Planet initialized.
layer 1
first layer 1 Initial Radius: 0 Initial Mass: 39147.6 Central Pressure: 6.15848e+11 U: 2.4791e+11
integrate layer 1
This layer went through 9 bisection method steps.
rad 8564936.546875
mass 1.7961212360606384e+25
press 210.14968799518465
u 8.451815979257512e+31
layer 2
Planet complete.
radius_grid.shape: (20, 20)
planet.rad[-1]: 8564936.546875
----------------------------------------------------------------------------------------------
Location in mesh grid: 0 19 
 P_c = 1.000000e+12 
 P_cmb/P_c = 0
Planet: 19 out of 400
Initializing layer0 layer to generate equation of state...
layer0 initialized with material: [<burnman.minerals.Murakami_2013.fe_perovskite object at 0x2b4623dcaa00>], composition: [1], and temperature profile: _adiabatic_.
Initializing layer1 layer to generate equation of state...
layer1 initialized with material: [<burnman.minerals.SLB_2011.mg_fe_perovskite object at 0x2b4623dccfa0>], composition: [0.9, 0.1, 0.0], and temperature profile: _adiabatic_.
p_c = 1.000000e+12, p_cmb = 0.000000e+00, p_surface = 0.000000e+00
layers [<eos_new.Layer object at 0x2b4637221b50>, <eos_new.Layer object at 0x2b4637221a60>]
Planet initialized.
layer 1
first layer 1 Initial Radius: 0 Initial Mass: 45019.4 Central Pressure: 1e+12 U: 3.24077e+11
integrate layer 1
This layer went through 10 bisection method steps.
rad 9732750.4140625
mass 2.8890841860119825e+25
press 7777.310015749386
u 1.5149800172146555e+32
layer 2
Planet complete.
radius_grid.shape: (20, 20)
planet.rad[-1]: 9732750.4140625
----------------------------------------------------------------------------------------------
Location in mesh grid: 1 0 
 P_c = 1.000000e+08 
 P_cmb/P_c = 0.0526316
Planet: 20 out of 400
Initializing layer0 layer to generate equation of state...
layer0 initialized with material: [<burnman.minerals.Murakami_2013.fe_perovskite object at 0x2b4623dcaa00>], composition: [1], and temperature profile: _adiabatic_.
Initializing layer1 layer to generate equation of state...
layer1 initialized with material: [<burnman.minerals.SLB_2011.mg_fe_perovskite object at 0x2b4623dccfa0>], composition: [0.9, 0.1, 0.0], and temperature profile: _adiabatic_.
p_c = 1.000000e+08, p_cmb = 5.263158e+06, p_surface = 0.000000e+00
layers [<eos_new.Layer object at 0x2b4637221d00>, <eos_new.Layer object at 0x2b4637221c40>]
Read molten silicate density table
Traceback (most recent call last):
  File "/scratch/sabrinab/PyPlanet/run.py", line 109, in <module>
    varying_temp("_adiabatic_", temp_range, default_central_pressures, default_grid_size, thermal_location, testing)
  File "/scratch/sabrinab/PyPlanet/run.py", line 89, in varying_temp
    temp_plan_grid.integrateGrid()
  File "/scratch/sabrinab/PyPlanet/planet_grid.py", line 120, in integrateGrid
    planet_eos = EoS(p_c, p_cmb, self.temp_profile,
  File "/scratch/sabrinab/PyPlanet/eos_new.py", line 165, in __init__
    self.mantle_adiabatic_eos_function_generate()
  File "/scratch/sabrinab/PyPlanet/eos_new.py", line 339, in mantle_adiabatic_eos_function_generate
    densities = get_molten_silicates_rho(self.pressures_mantle, self.temperatures_mantle)[0]
  File "/scratch/sabrinab/PyPlanet/eos_new.py", line 47, in get_molten_silicates_rho
    silicate_data = np.loadtxt('../molten_silicates_tables/density_liquidpv.txt')
  File "/home/sabrinab/miniconda3/envs/PyPlanet/lib/python3.9/site-packages/numpy/lib/npyio.py", line 1042, in loadtxt
    fh = np.lib._datasource.open(fname, 'rt', encoding=encoding)
  File "/home/sabrinab/miniconda3/envs/PyPlanet/lib/python3.9/site-packages/numpy/lib/_datasource.py", line 193, in open
    return ds.open(path, mode, encoding=encoding, newline=newline)
  File "/home/sabrinab/miniconda3/envs/PyPlanet/lib/python3.9/site-packages/numpy/lib/_datasource.py", line 532, in open
    raise FileNotFoundError(f"{path} not found.")
FileNotFoundError: ../molten_silicates_tables/density_liquidpv.txt not found.
