
Perple_X version 6.7.8, source updated June 7, 2017.

Enter the project name (the name assigned in BUILD) [default = my_project]:
test

Reading Perple_X options from: /Users/sabrinaberger/PerPlex/perplex_option.dat                                                     
Writing Perple_X option summary to file: test_WERAMI_options.txt                                                                             

Perple_X version 6.7.8, source updated June 7, 2017.

Perple_X computational option settings for WERAMI:

    Keyword:               Value:     Permitted values [default]:

  Input/Output options:

    aqueous_output         T          [F] T
    aqeuous_species         20        [20] 0-100
    aq_solvent_composition y          [y] m: y => mol fraction, m => molality
    aq_solute_composition  m          y [m]: y => mol fraction, m => molality
    spreadsheet            T          [F] T
    logarithmic_p          F          [F] T
    bad_number             NaN        [0.0]
    composition_constant   F          [F] T
    composition_phase      mol        [mol] wt
    composition_system     wt         [wt] mol
    proportions            vol        [vol] wt mol
    interpolation          on         [on] off 
    melt_is_fluid          F          [F] T
    solution_names         mod        [model] abbreviation full
    species_output         T          [T] F
    species_Gibbs_energies F          [F] T
    seismic_output         som        [some] none all
    pause_on_error         T          [T] F
    poisson_test           F          [F] T

  Information file output options:

    option_list_files      T          [F] T; echo computational options

  Thermodynamic options:

    approx_alpha           T          [T] F
    Anderson-Gruneisen     F          [F] T
    hybrid_EoS_H2O            0       [7] 0-2, 4-8
    hybrid_EoS_CO2            4       [7] 0-4
    hybrid_EoS_CH4            4       [1] 0-1
    fd_expansion_factor    2.0        >0 [2.]
    finite_difference_p    0.1D+05    >0 [1d4]; fraction = 0.1D-01 [1d-2]

  Seismic velocity options:

    bounds                 VRH        [VRH] HS
    vrh/hs_weighting       0.5        [0.5] 0->1
    explicit_bulk_modulus  T          [F] T
    poisson_ratio          on         [on] all off; Poisson ratio = 0.35

To change these options see: www.perplex.ethz.ch/perplex_options.html

Context specific options are echoed in: test_WERAMI_options.txt                                                                             



Select operational mode:
    1 - properties at specified conditions
    2 - properties on a 2d grid
    3 - properties along a 1d path
    4 - as in 3, but input from file
    0 - EXIT

Select a property [enter 0 to finish]:
    1 - Specific Enthalpy (J/m3)                                    
    2 - Density (kg/m3)                                             
    3 - Specific heat capacity (J/K/m3)                             
    4 - Expansivity (1/K, for volume)                               
    5 - Compressibility (1/bar, for volume)                         
    6 - Composition (Mol or Wt%) of the system                      
    7 - Mode (Vol, Mol, or Wt proportion) of a phase                
    8 - Composition (Mol or Wt%) of a solution phase                
    9 - Grueneisen thermal ratio                                    
   10 - Adiabatic bulk modulus (bar)                                
   11 - Adiabatic shear modulus (bar)                               
   12 - Sound velocity (km/s)                                       
   13 - P-wave velocity (Vp, km/s)                                  
   14 - S-wave velocity (Vs, km/s)                                  
   15 - Vp/Vs                                                       
   16 - Specific entropy (J/K/m3)                                   
   17 - Entropy (J/K/kg)                                            
   18 - Enthalpy (J/kg)                                             
   19 - Heat Capacity (J/K/kg)                                      
   20 - Specific mass of a phase (kg/m3-system)                     
   21 - Poisson ratio                                               
   22 - Molar Volume (J/bar)                                        
   23 - Dependent potentials (J/mol, bar, K)                        
   24 - Assemblage Index                                            
   25 - Modes of all phases                                         
   26 - Sound velocity T derivative (km/s/K)                        
   27 - P-wave velocity T derivative (km/s/K)                       
   28 - S-wave velocity T derivative (km/s/K)                       
   29 - Adiabatic bulk modulus T derivative (bar/K)                 
   30 - Shear modulus T derivative (bar/K)                          
   31 - Sound velocity P derivative (km/s/bar)                      
   32 - P-wave velocity P derivative (km/s/bar)                     
   33 - S-wave velocity P derivative (km/s/bar)                     
   34 - Adiabatic bulk modulus P derivative (unitless)              
   35 - Shear modulus P derivative (unitless)                       
   36 - All phase &/or system properties                            
   37 - Absolute amount (Vol, Mol, or Wt) of a phase                
   38 - Multiple property output                                    
   39 - Heat capacity ratio (Cp/Cv)                                 
   40 - Back-calculated aqueous solute chemistry                    

Calculate individual phase properties (y/n)?

Select a property [enter 0 to finish]:

Calculate individual phase properties (y/n)?

Select a property [enter 0 to finish]:

Calculate individual phase properties (y/n)?

Select a property [enter 0 to finish]:

Calculate individual phase properties (y/n)?

Select a property [enter 0 to finish]:

Calculate individual phase properties (y/n)?

Select a property [enter 0 to finish]:

Calculate individual phase properties (y/n)?

Select a property [enter 0 to finish]:

Change default variable range (y/n)?

Enter number of nodes in the T(K)     and P(bar)   directions:

Data ranges excluding values equal to bad_number (       NaN) specified in perplex_option.dat:

     rho,kg/m3      v0,km/s        vp,km/s        vs,km/s        alpha,1/K      cp,J/K/kg     
min   0.1000000+100  0.1000000+100  0.1000000+100  0.1000000+100  0.1000000+100  0.1000000+100
max  -0.1000000+100 -0.1000000+100 -0.1000000+100 -0.1000000+100 -0.1000000+100 -0.1000000+100

Output has been written to the 2d tab format file: test_1.tab                                                                                          

2d tab format files can be processed with:

     PSTABLE - a Perple_X plotting program
     PERPLE_X_PLOT - a MATLAB plotting script
     PYWERAMI - petrol.natur.cuni.cz/~ondro/pywerami:home
     spread-sheet programs, e.g., EXCEL

for details on tab format refer to:
     perplex.ethz.ch/faq/perple_x_tab_file_format.txt

Select operational mode:
    1 - properties at specified conditions
    2 - properties on a 2d grid
    3 - properties along a 1d path
    4 - as in 3, but input from file
    0 - EXIT
